<?xml version="1.0" encoding="UTF-8"?>
<!-- Generated by org.testng.reporters.JUnitReportReporter -->
<testsuite hostname="LTIN200789" failures="0" tests="9" name="testCases.TC004_GymCategory" time="186.148" errors="0" timestamp="2024-02-12T11:51:01 IST" skipped="0">
  <testcase classname="testCases.TC004_GymCategory" name="locationCountry" time="16.195"/>
  <system-out/>
  <testcase classname="testCases.TC004_GymCategory" name="locationCity" time="28.218"/>
  <system-out/>
  <testcase classname="testCases.TC004_GymCategory" name="searchCarWash" time="32.798"/>
  <system-out/>
  <testcase classname="testCases.TC004_GymCategory" name="carWashDetails" time="20.757"/>
  <system-out/>
  <testcase classname="testCases.TC004_GymCategory" name="shareDetails" time="70.652"/>
  <system-out/>
  <testcase classname="testCases.TC004_GymCategory" name="clickfreelisting" time="3.302"/>
  <system-out/>
  <testcase classname="testCases.TC004_GymCategory" name="freeListingLogin" time="6.565"/>
  <system-out/>
  <testcase classname="testCases.TC004_GymCategory" name="clickGym" time="1.869"/>
  <system-out/>
  <testcase classname="testCases.TC004_GymCategory" name="displayCategories" time="5.792"/>
  <system-out/>
</testsuite> <!-- testCases.TC004_GymCategory -->
