<?xml version="1.0" encoding="UTF-8"?>
<!-- Generated by org.testng.reporters.JUnitReportReporter -->
<testsuite hostname="LTIN233926" failures="0" tests="2" name="testCases.TC001_Location" time="16.004" errors="0" timestamp="2024-01-29T12:56:01 IST" skipped="0">
  <testcase classname="testCases.TC001_Location" name="locationCountry" time="9.051"/>
  <system-out/>
  <testcase classname="testCases.TC001_Location" name="locationState" time="6.953"/>
  <system-out/>
</testsuite> <!-- testCases.TC001_Location -->
