<?xml version="1.0" encoding="UTF-8"?>
<!-- Generated by org.testng.reporters.JUnitReportReporter -->
<testsuite hostname="LTIN200789" failures="0" tests="9" name="testCases.TC004_GymCategory" time="141.681" errors="0" timestamp="2024-02-08T10:18:33 IST" skipped="0">
  <testcase classname="testCases.TC004_GymCategory" name="locationCountry" time="16.261"/>
  <system-out/>
  <testcase classname="testCases.TC004_GymCategory" name="locationCity" time="18.496"/>
  <system-out/>
  <testcase classname="testCases.TC004_GymCategory" name="searchCarWash" time="19.875"/>
  <system-out/>
  <testcase classname="testCases.TC004_GymCategory" name="carWashDetails" time="26.691"/>
  <system-out/>
  <testcase classname="testCases.TC004_GymCategory" name="shareDetails" time="41.896"/>
  <system-out/>
  <testcase classname="testCases.TC004_GymCategory" name="clickfreelisting" time="5.133"/>
  <system-out/>
  <testcase classname="testCases.TC004_GymCategory" name="freeListingLogin" time="5.750"/>
  <system-out/>
  <testcase classname="testCases.TC004_GymCategory" name="clickGym" time="1.660"/>
  <system-out/>
  <testcase classname="testCases.TC004_GymCategory" name="displayCategories" time="5.919"/>
  <system-out/>
</testsuite> <!-- testCases.TC004_GymCategory -->
