<?xml version="1.0" encoding="UTF-8"?>
<!-- Generated by org.testng.reporters.JUnitReportReporter -->
<testsuite hostname="LTIN200789" failures="0" tests="18" name="testCases.TC004_GymCategory" time="270.541" errors="0" timestamp="2024-02-14T10:43:17 IST" skipped="0">
  <testcase classname="testCases.TC004_GymCategory" name="locationCountry" time="14.912"/>
  <system-out/>
  <testcase classname="testCases.TC004_GymCategory" name="locationCountry" time="25.321"/>
  <system-out/>
  <testcase classname="testCases.TC004_GymCategory" name="locationCity" time="17.884"/>
  <system-out/>
  <testcase classname="testCases.TC004_GymCategory" name="locationCity" time="17.304"/>
  <system-out/>
  <testcase classname="testCases.TC004_GymCategory" name="searchCarWash" time="18.776"/>
  <system-out/>
  <testcase classname="testCases.TC004_GymCategory" name="searchCarWash" time="18.435"/>
  <system-out/>
  <testcase classname="testCases.TC004_GymCategory" name="carWashDetails" time="17.872"/>
  <system-out/>
  <testcase classname="testCases.TC004_GymCategory" name="carWashDetails" time="19.900"/>
  <system-out/>
  <testcase classname="testCases.TC004_GymCategory" name="shareDetails" time="43.526"/>
  <system-out/>
  <testcase classname="testCases.TC004_GymCategory" name="shareDetails" time="45.299"/>
  <system-out/>
  <testcase classname="testCases.TC004_GymCategory" name="clickfreelisting" time="2.076"/>
  <system-out/>
  <testcase classname="testCases.TC004_GymCategory" name="clickfreelisting" time="2.677"/>
  <system-out/>
  <testcase classname="testCases.TC004_GymCategory" name="freeListingLogin" time="6.601"/>
  <system-out/>
  <testcase classname="testCases.TC004_GymCategory" name="freeListingLogin" time="6.016"/>
  <system-out/>
  <testcase classname="testCases.TC004_GymCategory" name="clickGym" time="1.605"/>
  <system-out/>
  <testcase classname="testCases.TC004_GymCategory" name="clickGym" time="1.899"/>
  <system-out/>
  <testcase classname="testCases.TC004_GymCategory" name="displayCategories" time="5.199"/>
  <system-out/>
  <testcase classname="testCases.TC004_GymCategory" name="displayCategories" time="5.239"/>
  <system-out/>
</testsuite> <!-- testCases.TC004_GymCategory -->
