<?xml version="1.0" encoding="UTF-8"?>
<!-- Generated by org.testng.reporters.JUnitReportReporter -->
<testsuite hostname="LTIN200789" failures="0" tests="9" name="testCases.TC004_GymCategory" time="144.165" errors="0" timestamp="2024-02-09T12:53:10 IST" skipped="0">
  <testcase classname="testCases.TC004_GymCategory" name="locationCountry" time="15.227"/>
  <system-out/>
  <testcase classname="testCases.TC004_GymCategory" name="locationCity" time="22.172"/>
  <system-out/>
  <testcase classname="testCases.TC004_GymCategory" name="searchCarWash" time="19.721"/>
  <system-out/>
  <testcase classname="testCases.TC004_GymCategory" name="carWashDetails" time="21.814"/>
  <system-out/>
  <testcase classname="testCases.TC004_GymCategory" name="shareDetails" time="48.478"/>
  <system-out/>
  <testcase classname="testCases.TC004_GymCategory" name="clickfreelisting" time="2.813"/>
  <system-out/>
  <testcase classname="testCases.TC004_GymCategory" name="freeListingLogin" time="6.932"/>
  <system-out/>
  <testcase classname="testCases.TC004_GymCategory" name="clickGym" time="1.642"/>
  <system-out/>
  <testcase classname="testCases.TC004_GymCategory" name="displayCategories" time="5.366"/>
  <system-out/>
</testsuite> <!-- testCases.TC004_GymCategory -->
