<?xml version="1.0" encoding="UTF-8"?>
<!-- Generated by org.testng.reporters.JUnitReportReporter -->
<testsuite hostname="LTIN200789" failures="0" tests="9" name="testCases.TC004_GymCategory" time="117.851" errors="0" timestamp="2024-02-09T12:27:30 IST" skipped="0">
  <testcase classname="testCases.TC004_GymCategory" name="locationCountry" time="9.457"/>
  <system-out/>
  <testcase classname="testCases.TC004_GymCategory" name="locationCity" time="9.872"/>
  <system-out/>
  <testcase classname="testCases.TC004_GymCategory" name="searchCarWash" time="12.014"/>
  <system-out/>
  <testcase classname="testCases.TC004_GymCategory" name="carWashDetails" time="20.913"/>
  <system-out/>
  <testcase classname="testCases.TC004_GymCategory" name="shareDetails" time="47.827"/>
  <system-out/>
  <testcase classname="testCases.TC004_GymCategory" name="clickfreelisting" time="3.466"/>
  <system-out/>
  <testcase classname="testCases.TC004_GymCategory" name="freeListingLogin" time="6.106"/>
  <system-out/>
  <testcase classname="testCases.TC004_GymCategory" name="clickGym" time="1.501"/>
  <system-out/>
  <testcase classname="testCases.TC004_GymCategory" name="displayCategories" time="6.695"/>
  <system-out/>
</testsuite> <!-- testCases.TC004_GymCategory -->
