<?xml version="1.0" encoding="UTF-8"?>
<!-- Generated by org.testng.reporters.JUnitReportReporter -->
<testsuite hostname="LTIN200789" failures="0" tests="18" name="testCases.TC004_GymCategory" time="260.695" errors="0" timestamp="2024-02-15T10:53:44 IST" skipped="0">
  <testcase classname="testCases.TC004_GymCategory" name="locationCountry" time="14.541"/>
  <system-out/>
  <testcase classname="testCases.TC004_GymCategory" name="locationCountry" time="15.154"/>
  <system-out/>
  <testcase classname="testCases.TC004_GymCategory" name="locationCity" time="16.597"/>
  <system-out/>
  <testcase classname="testCases.TC004_GymCategory" name="locationCity" time="16.583"/>
  <system-out/>
  <testcase classname="testCases.TC004_GymCategory" name="searchCarWash" time="18.634"/>
  <system-out/>
  <testcase classname="testCases.TC004_GymCategory" name="searchCarWash" time="18.546"/>
  <system-out/>
  <testcase classname="testCases.TC004_GymCategory" name="carWashDetails" time="18.149"/>
  <system-out/>
  <testcase classname="testCases.TC004_GymCategory" name="carWashDetails" time="19.941"/>
  <system-out/>
  <testcase classname="testCases.TC004_GymCategory" name="shareDetails" time="41.099"/>
  <system-out/>
  <testcase classname="testCases.TC004_GymCategory" name="shareDetails" time="52.274"/>
  <system-out/>
  <testcase classname="testCases.TC004_GymCategory" name="clickfreelisting" time="2.085"/>
  <system-out/>
  <testcase classname="testCases.TC004_GymCategory" name="clickfreelisting" time="2.612"/>
  <system-out/>
  <testcase classname="testCases.TC004_GymCategory" name="freeListingLogin" time="5.252"/>
  <system-out/>
  <testcase classname="testCases.TC004_GymCategory" name="freeListingLogin" time="5.966"/>
  <system-out/>
  <testcase classname="testCases.TC004_GymCategory" name="clickGym" time="1.454"/>
  <system-out/>
  <testcase classname="testCases.TC004_GymCategory" name="clickGym" time="1.160"/>
  <system-out/>
  <testcase classname="testCases.TC004_GymCategory" name="displayCategories" time="5.305"/>
  <system-out/>
  <testcase classname="testCases.TC004_GymCategory" name="displayCategories" time="5.343"/>
  <system-out/>
</testsuite> <!-- testCases.TC004_GymCategory -->
