<?xml version="1.0" encoding="UTF-8"?>
<!-- Generated by org.testng.reporters.JUnitReportReporter -->
<testsuite hostname="LTIN200789" failures="0" tests="9" name="testCases.TC004_GymCategory" time="155.226" errors="0" timestamp="2024-02-15T10:25:59 IST" skipped="0">
  <testcase classname="testCases.TC004_GymCategory" name="locationCountry" time="16.610"/>
  <system-out/>
  <testcase classname="testCases.TC004_GymCategory" name="locationCity" time="17.550"/>
  <system-out/>
  <testcase classname="testCases.TC004_GymCategory" name="searchCarWash" time="21.577"/>
  <system-out/>
  <testcase classname="testCases.TC004_GymCategory" name="carWashDetails" time="23.126"/>
  <system-out/>
  <testcase classname="testCases.TC004_GymCategory" name="shareDetails" time="55.721"/>
  <system-out/>
  <testcase classname="testCases.TC004_GymCategory" name="clickfreelisting" time="5.473"/>
  <system-out/>
  <testcase classname="testCases.TC004_GymCategory" name="freeListingLogin" time="6.763"/>
  <system-out/>
  <testcase classname="testCases.TC004_GymCategory" name="clickGym" time="2.094"/>
  <system-out/>
  <testcase classname="testCases.TC004_GymCategory" name="displayCategories" time="6.312"/>
  <system-out/>
</testsuite> <!-- testCases.TC004_GymCategory -->
