<?xml version="1.0" encoding="UTF-8"?>
<!-- Generated by org.testng.reporters.JUnitReportReporter -->
<testsuite hostname="LTIN200789" failures="0" tests="9" name="testCases.TC004_GymCategory" time="157.945" errors="0" timestamp="2024-02-08T15:09:34 IST" skipped="0">
  <testcase classname="testCases.TC004_GymCategory" name="locationCountry" time="16.441"/>
  <system-out/>
  <testcase classname="testCases.TC004_GymCategory" name="locationCity" time="27.010"/>
  <system-out/>
  <testcase classname="testCases.TC004_GymCategory" name="searchCarWash" time="24.052"/>
  <system-out/>
  <testcase classname="testCases.TC004_GymCategory" name="carWashDetails" time="28.989"/>
  <system-out/>
  <testcase classname="testCases.TC004_GymCategory" name="shareDetails" time="45.583"/>
  <system-out/>
  <testcase classname="testCases.TC004_GymCategory" name="clickfreelisting" time="2.748"/>
  <system-out/>
  <testcase classname="testCases.TC004_GymCategory" name="freeListingLogin" time="6.317"/>
  <system-out/>
  <testcase classname="testCases.TC004_GymCategory" name="clickGym" time="1.420"/>
  <system-out/>
  <testcase classname="testCases.TC004_GymCategory" name="displayCategories" time="5.385"/>
  <system-out/>
</testsuite> <!-- testCases.TC004_GymCategory -->
