<?xml version="1.0" encoding="UTF-8"?>
<!-- Generated by org.testng.reporters.JUnitReportReporter -->
<testsuite hostname="LTIN200789" failures="0" tests="9" name="testCases.TC004_GymCategory" time="137.825" errors="0" timestamp="2024-02-15T10:57:35 IST" skipped="0">
  <testcase classname="testCases.TC004_GymCategory" name="locationCountry" time="14.868"/>
  <system-out/>
  <testcase classname="testCases.TC004_GymCategory" name="locationCity" time="16.587"/>
  <system-out/>
  <testcase classname="testCases.TC004_GymCategory" name="searchCarWash" time="19.287"/>
  <system-out/>
  <testcase classname="testCases.TC004_GymCategory" name="carWashDetails" time="20.691"/>
  <system-out/>
  <testcase classname="testCases.TC004_GymCategory" name="shareDetails" time="44.844"/>
  <system-out/>
  <testcase classname="testCases.TC004_GymCategory" name="clickfreelisting" time="9.273"/>
  <system-out/>
  <testcase classname="testCases.TC004_GymCategory" name="freeListingLogin" time="5.267"/>
  <system-out/>
  <testcase classname="testCases.TC004_GymCategory" name="clickGym" time="1.701"/>
  <system-out/>
  <testcase classname="testCases.TC004_GymCategory" name="displayCategories" time="5.307"/>
  <system-out/>
</testsuite> <!-- testCases.TC004_GymCategory -->
