<?xml version="1.0" encoding="UTF-8"?>
<!-- Generated by org.testng.reporters.JUnitReportReporter -->
<testsuite hostname="LTIN200789" failures="0" tests="9" name="testCases.TC004_GymCategory" time="244.869" errors="0" timestamp="2024-02-06T15:51:11 IST" skipped="0">
  <testcase classname="testCases.TC004_GymCategory" name="locationCountry" time="16.560"/>
  <system-out/>
  <testcase classname="testCases.TC004_GymCategory" name="locationCity" time="44.107"/>
  <system-out/>
  <testcase classname="testCases.TC004_GymCategory" name="searchCarWash" time="45.376"/>
  <system-out/>
  <testcase classname="testCases.TC004_GymCategory" name="carWashDetails" time="45.151"/>
  <system-out/>
  <testcase classname="testCases.TC004_GymCategory" name="shareDetails" time="72.213"/>
  <system-out/>
  <testcase classname="testCases.TC004_GymCategory" name="clickfreelisting" time="3.399"/>
  <system-out/>
  <testcase classname="testCases.TC004_GymCategory" name="freeListingLogin" time="6.026"/>
  <system-out/>
  <testcase classname="testCases.TC004_GymCategory" name="clickGym" time="2.765"/>
  <system-out/>
  <testcase classname="testCases.TC004_GymCategory" name="displayCategories" time="9.272"/>
  <system-out/>
</testsuite> <!-- testCases.TC004_GymCategory -->
